<?xml version="1.0" encoding="UTF-8"?>
<!-- Generated by org.testng.reporters.JUnitReportReporter -->
<testsuite hostname="ctxresw20h2v046" failures="0" tests="1" name="com.Capstone.Capstone_Project.Capstone_Runner" time="0.055" errors="0" timestamp="2024-06-04T15:58:53 IST" skipped="0">
  <testcase classname="com.Capstone.Capstone_Project.Capstone_Runner" name="PageTitle" time="0.055"/>
</testsuite> <!-- com.Capstone.Capstone_Project.Capstone_Runner -->
