<?xml version="1.0" encoding="UTF-8"?>
<!-- Generated by org.testng.reporters.JUnitReportReporter -->
<testsuite hostname="ctxresw20h2v046" failures="0" tests="1" name="capstone_runnerclass.Capstone_Runner" time="21.441" errors="0" timestamp="2024-06-11T20:34:40 IST" skipped="0">
  <testcase classname="capstone_runnerclass.Capstone_Runner" name="VerifyPageTitle" time="21.441"/>
</testsuite> <!-- capstone_runnerclass.Capstone_Runner -->
